build/app/outputs/mapping/r8/release/mapping.txt
# compiler: R8
# compiler_version: 1.3.49
# min_api: 16
com.semenindonesiabeton.flutter_ecommerce.MainActivity -> com.semenindonesiabeton.flutter_ecommerce.MainActivity:
    1:1:void <init>():8:8 -> <init>
    1:2:void onCreate(android.os.Bundle):10:11 -> onCreate
...
com.google.android.gms.measurement.internal.zzfy -> com.google.android.gms.measurement.internal.cc:
    com.google.android.gms.measurement.internal.zzgf zza -> a
    com.google.android.gms.measurement.internal.zzfb zzb -> b
    1:1:void <init>(com.google.android.gms.measurement.internal.zzfv,com.google.android.gms.measurement.internal.zzgf,com.google.android.gms.measurement.internal.zzfb):1:1 -> <init>
    1:2:void run():2:3 -> run
    3:3:void run():5:5 -> run
com.google.android.gms.measurement.internal.zzfz -> com.google.android.gms.measurement.internal.dc:
    java.util.Map zzg -> i
    java.util.Map zzh -> j
    int zzb -> d
    java.util.Map zzi -> k
    int zzc -> e
    java.util.Map zzd -> f
    java.util.Map zze -> g
    java.util.Map zzf -> h
    1:7:void <init>(com.google.android.gms.measurement.internal.zzkj):1:7 -> <init>
    1:5:com.google.android.gms.internal.measurement.zzbq$zzb zza(java.lang.String):30:34 -> a
    6:8:java.lang.String zza(java.lang.String,java.lang.String):48:50 -> a
    9:9:java.lang.String zza(java.lang.String,java.lang.String):52:52 -> a
    10:10:java.util.Map zza(com.google.android.gms.internal.measurement.zzbq$zzb):54:54 -> a
    11:12:java.util.Map zza(com.google.android.gms.internal.measurement.zzbq$zzb):56:57 -> a
    13:15:void zza(java.lang.String,com.google.android.gms.internal.measurement.zzbq$zzb$zza):60:62 -> a
    16:21:void zza(java.lang.String,com.google.android.gms.internal.measurement.zzbq$zzb$zza):65:70 -> a
    22:30:void zza(java.lang.String,com.google.android.gms.internal.measurement.zzbq$zzb$zza):72:80 -> a
    31:31:void zza(java.lang.String,com.google.android.gms.internal.measurement.zzbq$zzb$zza):86:86 -> a
    32:36:void zza(java.lang.String,com.google.android.gms.internal.measurement.zzbq$zzb$zza):81:85 -> a
    37:39:void zza(java.lang.String,com.google.android.gms.internal.measurement.zzbq$zzb$zza):88:90 -> a
com.google.android.gms.measurement.internal.zzg -> com.google.android.gms.measurement.internal.ec:
    java.lang.String zzf -> f
    long zzi -> i
    boolean zzo -> o
    long zzk -> k
    java.util.List zzv -> v
    long zzaf -> F
    java.lang.String zzj -> j
    long zzg -> g
    java.lang.String zzl -> l
    long zzab -> B
    boolean zzq -> q
    long zzy -> y
    long zzu -> u
    boolean zzae -> E
    java.lang.String zzc -> c
    long zzm -> m
    java.lang.String zze -> e
    java.lang.String zzad -> D
    long zzh -> h
    long zzag -> G
    long zzaa -> A
    long zzac -> C
    java.lang.String zzs -> s
    boolean zzr -> r
    java.lang.Boolean zzt -> t
    java.lang.String zzw -> w
    long zzz -> z
    com.google.android.gms.measurement.internal.zzgf zza -> a
    long zzx -> x
    long zzn -> n
    java.lang.String zzb -> b
    long zzp -> p
    java.lang.String zzd -> d
    1:7:void <init>(com.google.android.gms.measurement.internal.zzgf,java.lang.String):1:7 -> <init>
    1:3:boolean zzr():134:136 -> A
    1:3:long zzs():148:150 -> B
    1:3:long zzt():151:153 -> C
    1:3:long zzu():159:161 -> D
    1:3:void zzv():167:169 -> E
    4:4:void zzv():171:171 -> E
    5:6:void zzv():173:174 -> E
    1:3:long zzw():176:178 -> F
    1:3:long zzx():184:186 -> G
    1:3:long zzy():192:194 -> H
    1:3:long zzz():200:202 -> I
    1:3:boolean zza():9:11 -> a
    4:7:void zza(java.lang.String):22:25 -> a
    8:11:void zza(long):73:76 -> a
com.google.android.gms.measurement.internal.zzga -> com.google.android.gms.measurement.internal.fc:
    android.content.BroadcastReceiver$PendingResult doGoAsync() -> a
    void doStartService(android.content.Context,android.content.Intent) -> a
com.google.android.gms.measurement.internal.zzgb -> com.google.android.gms.measurement.internal.gc: